<?xml version="1.0" encoding="UTF-8" ?>
<testsuite tests="4" failures="0" name="com.game.controller.minFigure.RookCheckTest" time="0" errors="0" skipped="0">
  <properties>
    <property name="java.runtime.name" value="Java(TM) SE Runtime Environment"/>
    <property name="sun.boot.library.path" value="P:\Unterstuezung\Java\jre\bin"/>
    <property name="java.vm.version" value="25.60-b23"/>
    <property name="java.vm.vendor" value="Oracle Corporation"/>
    <property name="maven.multiModuleProjectDirectory" value="D:\Java-Projects\Chess"/>
    <property name="java.vendor.url" value="http://java.oracle.com/"/>
    <property name="path.separator" value=";"/>
    <property name="guice.disable.misplaced.annotation.check" value="true"/>
    <property name="java.vm.name" value="Java HotSpot(TM) 64-Bit Server VM"/>
    <property name="file.encoding.pkg" value="sun.io"/>
    <property name="user.script" value=""/>
    <property name="user.country" value="DE"/>
    <property name="sun.java.launcher" value="SUN_STANDARD"/>
    <property name="sun.os.patch.level" value=""/>
    <property name="java.vm.specification.name" value="Java Virtual Machine Specification"/>
    <property name="user.dir" value="D:\Java-Projects\Chess"/>
    <property name="java.runtime.version" value="1.8.0_60-b27"/>
    <property name="java.awt.graphicsenv" value="sun.awt.Win32GraphicsEnvironment"/>
    <property name="java.endorsed.dirs" value="P:\Unterstuezung\Java\jre\lib\endorsed"/>
    <property name="os.arch" value="amd64"/>
    <property name="java.io.tmpdir" value="C:\Users\BJRNHU~1\AppData\Local\Temp\"/>
    <property name="line.separator" value="
"/>
    <property name="java.vm.specification.vendor" value="Oracle Corporation"/>
    <property name="user.variant" value=""/>
    <property name="os.name" value="Windows 10"/>
    <property name="classworlds.conf" value="D:\Java-Projects\.metadata\.plugins\org.eclipse.m2e.launching\launches\m2conf4265822926442299649.tmp"/>
    <property name="sun.jnu.encoding" value="Cp1252"/>
    <property name="java.library.path" value="P:\Unterstuezung\Java\bin;C:\WINDOWS\Sun\Java\bin;C:\WINDOWS\system32;C:\WINDOWS;P:/Unterstuezung/Java/bin/../jre/bin/server;P:/Unterstuezung/Java/bin/../jre/bin;P:/Unterstuezung/Java/bin/../jre/lib/amd64;C:\Program Files (x86)\Intel\iCLS Client\;C:\Program Files\Intel\iCLS Client\;C:\Windows\system32;C:\Windows;C:\Windows\System32\Wbem;C:\Windows\System32\WindowsPowerShell\v1.0\;C:\Program Files (x86)\Common Files\Adobe\AGL;P:\Unterstuezung\SVN\bin;P:\Unterstuezung\SVN-Tortoise\bin;C:\Users\Björn Hullmann\Downloads\Bachelor\opencv\build\x64\vc10\bin;P:\Programmierung\apache-maven-3.2.2\bin;C:\Program Files (x86)\NVIDIA Corporation\PhysX\Common;P:\Unterstuezung\Git\cmd;P:\Unterstuezung\Git\mingw64\bin;P:\Unterstuezung\Git\usr\bin;P:\Textbearbeitung\Latex\MikTex\miktex\bin\x64\;P:\Chat\Skype\Phone\;C:\WINDOWS\system32;C:\WINDOWS;C:\WINDOWS\System32\Wbem;C:\WINDOWS\System32\WindowsPowerShell\v1.0\;C:\Program Files\Intel\Intel(R) Management Engine Components\DAL;C:\Program Files\Intel\Intel(R) Management Engine Components\IPT;C:\Program Files (x86)\Intel\Intel(R) Management Engine Components\DAL;C:\Program Files (x86)\Intel\Intel(R) Management Engine Components\IPT;P:\Unterstuezung\GIT-Tortoise\bin;P:\Textbearbeitung\Calibre\;P:\Unterstuezung\Java\bin;P:\Programmierung\Eclipse-Neon\eclipse;;."/>
    <property name="java.specification.name" value="Java Platform API Specification"/>
    <property name="java.class.version" value="52.0"/>
    <property name="sun.management.compiler" value="HotSpot 64-Bit Tiered Compilers"/>
    <property name="os.version" value="10.0"/>
    <property name="user.home" value="C:\Users\Björn Hullmann"/>
    <property name="user.timezone" value="Europe/Berlin"/>
    <property name="java.awt.printerjob" value="sun.awt.windows.WPrinterJob"/>
    <property name="java.specification.version" value="1.8"/>
    <property name="file.encoding" value="UTF-8"/>
    <property name="user.name" value="Björn Hullmann"/>
    <property name="java.class.path" value="/C:/Users/Björn Hullmann/.p2/pool/plugins/org.eclipse.m2e.maven.runtime_1.7.0.20160603-1931/jars/plexus-classworlds-2.5.2.jar"/>
    <property name="java.vm.specification.version" value="1.8"/>
    <property name="sun.arch.data.model" value="64"/>
    <property name="java.home" value="P:\Unterstuezung\Java\jre"/>
    <property name="sun.java.command" value="org.codehaus.plexus.classworlds.launcher.Launcher -B install"/>
    <property name="java.specification.vendor" value="Oracle Corporation"/>
    <property name="user.language" value="de"/>
    <property name="awt.toolkit" value="sun.awt.windows.WToolkit"/>
    <property name="java.vm.info" value="mixed mode"/>
    <property name="java.version" value="1.8.0_60"/>
    <property name="java.ext.dirs" value="P:\Unterstuezung\Java\jre\lib\ext;C:\WINDOWS\Sun\Java\lib\ext"/>
    <property name="sun.boot.class.path" value="P:\Unterstuezung\Java\jre\lib\resources.jar;P:\Unterstuezung\Java\jre\lib\rt.jar;P:\Unterstuezung\Java\jre\lib\sunrsasign.jar;P:\Unterstuezung\Java\jre\lib\jsse.jar;P:\Unterstuezung\Java\jre\lib\jce.jar;P:\Unterstuezung\Java\jre\lib\charsets.jar;P:\Unterstuezung\Java\jre\lib\jfr.jar;P:\Unterstuezung\Java\jre\classes"/>
    <property name="java.vendor" value="Oracle Corporation"/>
    <property name="maven.home" value="D:\Java-Projects\Chess\EMBEDDED"/>
    <property name="file.separator" value="\"/>
    <property name="java.vendor.url.bug" value="http://bugreport.sun.com/bugreport/"/>
    <property name="sun.cpu.endian" value="little"/>
    <property name="sun.io.unicode.encoding" value="UnicodeLittle"/>
    <property name="sun.desktop" value="windows"/>
    <property name="sun.cpu.isalist" value="amd64"/>
  </properties>
  <testcase classname="com.game.controller.minFigure.RookCheckTest" name="haveMoreRook" time="0"/>
  <testcase classname="com.game.controller.minFigure.RookCheckTest" name="wrongFigure" time="0"/>
  <testcase classname="com.game.controller.minFigure.RookCheckTest" name="emptyMap" time="0"/>
  <testcase classname="com.game.controller.minFigure.RookCheckTest" name="haveOneRook" time="0"/>
</testsuite>